<?xml version="1.0" encoding="UTF-8"?>
<!-- Generated by org.testng.reporters.JUnitReportReporter -->
<testsuite hostname="b-Sat-M645" name="com.vitalsource.tests.AddDeleteHighLightTest" tests="3" failures="0" timestamp="29 Aug 2016 17:39:20 GMT" time="38.523" errors="1">
  <testcase name="deleteHighLight" time="9.232" classname="com.vitalsource.tests.AddDeleteHighLightTest">
    <error type="java.lang.AssertionError" message="expected:&lt;0&gt; but was:&lt;1&gt;">
      <![CDATA[java.lang.AssertionError: expected:<0> but was:<1>
	at org.testng.Assert.fail(Assert.java:89)
	at org.testng.Assert.failNotEquals(Assert.java:489)
	at org.testng.Assert.assertEquals(Assert.java:118)
	at org.testng.Assert.assertEquals(Assert.java:171)
	at org.testng.Assert.assertEquals(Assert.java:181)
	at com.vitalsource.pages.BookShelf.MainPage.checkHighlights(MainPage.java:152)
	at com.vitalsource.tests.AddDeleteHighLightTest.checkHighLightsOnPage(AddDeleteHighLightTest.java:56)
	at com.vitalsource.tests.AddDeleteHighLightTest.deleteHighLight(AddDeleteHighLightTest.java:50)
	at sun.reflect.NativeMethodAccessorImpl.invoke0(Native Method)
	at sun.reflect.NativeMethodAccessorImpl.invoke(NativeMethodAccessorImpl.java:62)
	at sun.reflect.DelegatingMethodAccessorImpl.invoke(DelegatingMethodAccessorImpl.java:43)
	at java.lang.reflect.Method.invoke(Method.java:498)
	at org.testng.internal.MethodInvocationHelper.invokeMethod(MethodInvocationHelper.java:80)
	at org.testng.internal.Invoker.invokeMethod(Invoker.java:691)
	at org.testng.internal.Invoker.invokeTestMethod(Invoker.java:883)
	at org.testng.internal.Invoker.invokeTestMethods(Invoker.java:1208)
	at org.testng.internal.TestMethodWorker.invokeTestMethods(TestMethodWorker.java:127)
	at org.testng.internal.TestMethodWorker.run(TestMethodWorker.java:111)
	at java.util.concurrent.ThreadPoolExecutor.runWorker(ThreadPoolExecutor.java:1142)
	at java.util.concurrent.ThreadPoolExecutor$Worker.run(ThreadPoolExecutor.java:617)
	at java.lang.Thread.run(Thread.java:745)
]]>
    </error>
  </testcase>
  <testcase name="signIn" time="15.138" classname="com.vitalsource.tests.AddDeleteHighLightTest"/>
  <testcase name="addHighLight" time="14.153" classname="com.vitalsource.tests.AddDeleteHighLightTest"/>
</testsuite>
